<?xml version='1.0' encoding='UTF-8'?>
<testsuite hostname="denys-PC" name="CalculatorTest" tests="4" errors="0" failures="0" skipped="0" time="0.003">
                     <properties>
[...]
</properties>
                     <testcase classname="CalculatorTest" name="testSumOK" time="0.003">
                                                 
                                               </testcase><testcase classname="CalculatorTest" name="testSum0" time="0.0">
                                                 
                                               </testcase><testcase classname="CalculatorTest" name="testMultiply0" time="0.0">
                                                 
                                               </testcase><testcase classname="CalculatorTest" name="testMultiplyOk" time="0.0">
                                                 
                                               </testcase>
                     <system-out></system-out>
                     <system-err></system-err>
                   </testsuite>